2024-09-17 16:50:41 INFO  harish.example.OrderApplication - Starting OrderApplication using Java 17.0.9 with PID 22336 (C:\Users\guntu\Spring-Boot-Project\order (1)\order\target\classes started by guntu in C:\Users\guntu\Spring-Boot-Project\order (1)\order)
2024-09-17 16:50:41 DEBUG harish.example.OrderApplication - Running with Spring Boot v3.3.2, Spring v6.1.11
2024-09-17 16:50:41 INFO  harish.example.OrderApplication - No active profile set, falling back to 1 default profile: "default"
2024-09-17 16:50:43 INFO  o.s.d.r.c.RepositoryConfigurationDelegate - Bootstrapping Spring Data JPA repositories in DEFAULT mode.
2024-09-17 16:50:43 INFO  o.s.d.r.c.RepositoryConfigurationDelegate - Finished Spring Data repository scanning in 86 ms. Found 1 JPA repository interface.
2024-09-17 16:50:44 INFO  o.s.b.w.e.tomcat.TomcatWebServer - Tomcat initialized with port 8082 (http)
2024-09-17 16:50:44 INFO  o.a.coyote.http11.Http11NioProtocol - Initializing ProtocolHandler ["http-nio-8082"]
2024-09-17 16:50:44 INFO  o.a.catalina.core.StandardService - Starting service [Tomcat]
2024-09-17 16:50:44 INFO  o.a.catalina.core.StandardEngine - Starting Servlet engine: [Apache Tomcat/10.1.26]
2024-09-17 16:50:44 INFO  o.a.c.c.C.[Tomcat].[localhost].[/] - Initializing Spring embedded WebApplicationContext
2024-09-17 16:50:44 INFO  o.s.b.w.s.c.ServletWebServerApplicationContext - Root WebApplicationContext: initialization completed in 2453 ms
2024-09-17 16:50:44 INFO  o.h.jpa.internal.util.LogHelper - HHH000204: Processing PersistenceUnitInfo [name: default]
2024-09-17 16:50:44 INFO  org.hibernate.Version - HHH000412: Hibernate ORM core version 6.5.2.Final
2024-09-17 16:50:44 INFO  o.h.c.i.RegionFactoryInitiator - HHH000026: Second-level cache disabled
2024-09-17 16:50:45 INFO  o.s.o.j.p.SpringPersistenceUnitInfo - No LoadTimeWeaver setup: ignoring JPA class transformer
2024-09-17 16:50:45 INFO  com.zaxxer.hikari.HikariDataSource - HikariPool-1 - Starting...
2024-09-17 16:50:45 INFO  com.zaxxer.hikari.pool.HikariPool - HikariPool-1 - Added connection com.mysql.cj.jdbc.ConnectionImpl@20a47036
2024-09-17 16:50:45 INFO  com.zaxxer.hikari.HikariDataSource - HikariPool-1 - Start completed.
2024-09-17 16:50:45 WARN  org.hibernate.dialect.Dialect - HHH000511: The 5.6.26 version for [org.hibernate.dialect.MySQLDialect] is no longer supported, hence certain features may not work properly. The minimum supported version is 8.0.0. Check the community dialects project for available legacy versions.
2024-09-17 16:50:46 INFO  o.h.e.t.j.p.i.JtaPlatformInitiator - HHH000489: No JTA platform available (set 'hibernate.transaction.jta.platform' to enable JTA platform integration)
2024-09-17 16:50:46 INFO  o.s.o.j.LocalContainerEntityManagerFactoryBean - Initialized JPA EntityManagerFactory for persistence unit 'default'
2024-09-17 16:50:46 INFO  o.s.d.j.r.query.QueryEnhancerFactory - Hibernate is in classpath; If applicable, HQL parser will be used.
2024-09-17 16:50:47 WARN  o.s.b.a.o.j.JpaBaseConfiguration$JpaWebConfiguration - spring.jpa.open-in-view is enabled by default. Therefore, database queries may be performed during view rendering. Explicitly configure spring.jpa.open-in-view to disable this warning
2024-09-17 16:50:48 INFO  o.a.coyote.http11.Http11NioProtocol - Starting ProtocolHandler ["http-nio-8082"]
2024-09-17 16:50:48 INFO  o.s.b.w.e.tomcat.TomcatWebServer - Tomcat started on port 8082 (http) with context path '/'
2024-09-17 16:50:48 INFO  harish.example.OrderApplication - Started OrderApplication in 8.067 seconds (process running for 8.689)
